[0m20:02:07.308265 [debug] [MainThread]: Sending event: {'category': 'dbt', 'action': 'invocation', 'label': 'start', 'context': [<snowplow_tracker.self_describing_json.SelfDescribingJson object at 0x7f84dd772610>, <snowplow_tracker.self_describing_json.SelfDescribingJson object at 0x7f84db5248d0>, <snowplow_tracker.self_describing_json.SelfDescribingJson object at 0x7f84db8f1d90>]}


============================== 20:02:07.315380 | b4f30358-d161-4917-8573-de1d5168f3e0 ==============================
[0m20:02:07.315380 [info ] [MainThread]: Running with dbt=1.8.4
[0m20:02:07.317797 [debug] [MainThread]: running dbt with arguments {'printer_width': '80', 'indirect_selection': 'eager', 'write_json': 'True', 'log_cache_events': 'False', 'partial_parse': 'True', 'cache_selected_only': 'False', 'warn_error': 'None', 'debug': 'False', 'profiles_dir': '/root/.dbt', 'log_path': 'logs', 'fail_fast': 'False', 'version_check': 'True', 'use_colors': 'True', 'use_experimental_parser': 'False', 'no_print': 'None', 'quiet': 'False', 'empty': 'None', 'warn_error_options': 'WarnErrorOptions(include=[], exclude=[])', 'introspect': 'True', 'invocation_command': 'dbt debug', 'log_format': 'default', 'target_path': 'None', 'static_parser': 'True', 'send_anonymous_usage_stats': 'True'}
[0m20:02:07.348915 [info ] [MainThread]: dbt version: 1.8.4
[0m20:02:07.351065 [info ] [MainThread]: python version: 3.11.9
[0m20:02:07.353173 [info ] [MainThread]: python path: /usr/local/airflow/dbt_venv/bin/python
[0m20:02:07.355999 [info ] [MainThread]: os info: Linux-5.15.146.1-microsoft-standard-WSL2-x86_64-with-glibc2.31
[0m20:02:07.359100 [info ] [MainThread]: Using profiles dir at /root/.dbt
[0m20:02:07.361709 [info ] [MainThread]: Using profiles.yml file at /root/.dbt/profiles.yml
[0m20:02:07.364786 [info ] [MainThread]: Using dbt_project.yml file at /usr/local/airflow/dags/dbt-dw-etl/dbt_project.yml
[0m20:02:07.367744 [info ] [MainThread]: Configuration:
[0m20:02:07.371713 [info ] [MainThread]:   profiles.yml file [[31mERROR not found[0m]
[0m20:02:07.374291 [info ] [MainThread]:   dbt_project.yml file [[31mERROR not found[0m]
[0m20:02:07.376497 [info ] [MainThread]: Required dependencies:
[0m20:02:07.378859 [debug] [MainThread]: Executing "git --help"
[0m20:02:07.381921 [info ] [MainThread]:  - git [[31mERROR[0m]

[0m20:02:07.384936 [info ] [MainThread]: Connection test skipped since no profile was found
[0m20:02:07.387227 [info ] [MainThread]: [31m3 checks failed:[0m
[0m20:02:07.389493 [info ] [MainThread]: dbt looked for a profiles.yml file in /root/.dbt/profiles.yml, but did
not find one. For more information on configuring your profile, consult the
documentation:

https://docs.getdbt.com/docs/configure-your-profile


[0m20:02:07.392509 [info ] [MainThread]: Project loading failed for the following reason:
 project path </usr/local/airflow/dags/dbt-dw-etl/dbt_project.yml> not found

[0m20:02:07.394858 [info ] [MainThread]: Error from git --help: Could not find command, ensure it is in the user's PATH: "git"

[0m20:02:07.399995 [debug] [MainThread]: Resource report: {"command_name": "debug", "command_wall_clock_time": 0.16167511, "process_user_time": 1.673332, "process_kernel_time": 0.223759, "process_mem_max_rss": "88832", "process_in_blocks": "86008", "command_success": false, "process_out_blocks": "0"}
[0m20:02:07.402128 [debug] [MainThread]: Command `dbt debug` failed at 20:02:07.401915 after 0.16 seconds
[0m20:02:07.404513 [debug] [MainThread]: Sending event: {'category': 'dbt', 'action': 'invocation', 'label': 'end', 'context': [<snowplow_tracker.self_describing_json.SelfDescribingJson object at 0x7f84db577c10>, <snowplow_tracker.self_describing_json.SelfDescribingJson object at 0x7f84def8e9d0>, <snowplow_tracker.self_describing_json.SelfDescribingJson object at 0x7f84db527010>]}
[0m20:02:07.406936 [debug] [MainThread]: Flushing usage events
